2025-03-22T02:22:31.909Z     开始检查_DEFAULT_ARK_CLASS的实例初始函数@instance_init
2025-03-22T02:22:31.913Z     _DEFAULT_ARK_CLASS没有实例初始函数
2025-03-22T02:22:31.914Z     _DEFAULT_ARK_CLASS没有静态初始函数
2025-03-22T02:22:31.919Z     开始检查Parent1的实例初始函数@instance_init
2025-03-22T02:22:31.920Z       该类初始方法没有this变量
2025-03-22T02:23:09.064Z     开始检查_DEFAULT_ARK_CLASS的实例初始函数@instance_init
2025-03-22T02:23:09.067Z     _DEFAULT_ARK_CLASS没有实例初始函数
2025-03-22T02:23:09.069Z     _DEFAULT_ARK_CLASS没有静态初始函数
2025-03-22T02:23:09.075Z     开始检查Parent1的实例初始函数@instance_init
2025-03-22T02:23:09.075Z       该类初始方法没有this变量
2025-03-22T02:23:09.076Z       添加local变量
2025-03-22T02:23:09.077Z       Parent1没有父类我们构造一个对java.lang.Object的调用
2025-03-22T02:23:09.079Z     开始检查Child1的实例初始函数@instance_init
2025-03-22T02:23:09.080Z       该类初始方法没有this变量
2025-03-22T02:23:09.081Z       添加local变量
2025-03-22T02:23:09.084Z     开始检查Parent2的实例初始函数@instance_init
2025-03-22T02:23:09.085Z       该类初始方法没有this变量
2025-03-22T02:23:09.086Z       添加local变量
2025-03-22T02:23:09.087Z       Parent2没有父类我们构造一个对java.lang.Object的调用
2025-03-22T02:23:09.089Z     开始检查Child2的实例初始函数@instance_init
2025-03-22T02:23:09.090Z       该类初始方法没有this变量
2025-03-22T02:23:09.091Z       添加local变量
2025-03-22T02:23:09.092Z     开始检查Parent3的实例初始函数@instance_init
2025-03-22T02:23:09.093Z       该类初始方法没有this变量
2025-03-22T02:23:09.093Z       添加local变量
2025-03-22T02:23:09.094Z       Parent3没有父类我们构造一个对java.lang.Object的调用
2025-03-22T02:23:09.097Z     开始检查Child3的实例初始函数@instance_init
2025-03-22T02:23:09.097Z       该类初始方法没有this变量
2025-03-22T02:23:09.098Z       添加local变量
2025-03-22T02:33:15.160Z 开始对项目进行类型检查
2025-03-22T02:33:15.162Z ------------------------------
2025-03-22T02:33:15.164Z   开始检查文件super.ts
2025-03-22T02:33:15.165Z   开始检查类_DEFAULT_ARK_CLASS
2025-03-22T02:33:15.166Z     开始检查_DEFAULT_ARK_CLASS的实例初始函数@instance_init
2025-03-22T02:33:15.166Z     _DEFAULT_ARK_CLASS没有实例初始函数
2025-03-22T02:33:15.167Z     _DEFAULT_ARK_CLASS没有静态初始函数
2025-03-22T02:33:53.075Z 开始对项目进行类型检查
2025-03-22T02:33:53.078Z ------------------------------
2025-03-22T02:33:53.079Z   开始检查文件super.ts
2025-03-22T02:33:53.080Z   开始检查类_DEFAULT_ARK_CLASS
2025-03-22T02:33:53.081Z     开始检查_DEFAULT_ARK_CLASS的实例初始函数@instance_init
2025-03-22T02:33:53.081Z     _DEFAULT_ARK_CLASS没有实例初始函数
2025-03-22T02:33:53.082Z     _DEFAULT_ARK_CLASS没有静态初始函数
2025-03-22T02:33:53.087Z   开始检查类Parent1
2025-03-22T02:33:53.088Z     开始检查Parent1的实例初始函数@instance_init
2025-03-22T02:33:53.088Z       该类初始方法没有this变量
2025-03-22T02:33:53.089Z       添加local变量
2025-03-22T02:33:53.090Z       Parent1没有父类我们构造一个对java.lang.Object的调用
2025-03-22T02:33:53.092Z   开始检查类Child1
2025-03-22T02:33:53.092Z     开始检查Child1的实例初始函数@instance_init
2025-03-22T02:33:53.093Z       该类初始方法没有this变量
2025-03-22T02:33:53.094Z       添加local变量
2025-03-22T02:33:53.096Z   开始检查类Parent2
2025-03-22T02:33:53.096Z     开始检查Parent2的实例初始函数@instance_init
2025-03-22T02:33:53.097Z       该类初始方法没有this变量
2025-03-22T02:33:53.098Z       添加local变量
2025-03-22T02:33:53.098Z       Parent2没有父类我们构造一个对java.lang.Object的调用
2025-03-22T02:33:53.101Z   开始检查类Child2
2025-03-22T02:33:53.102Z     开始检查Child2的实例初始函数@instance_init
2025-03-22T02:33:53.102Z       该类初始方法没有this变量
2025-03-22T02:33:53.103Z       添加local变量
2025-03-22T02:33:53.104Z   开始检查类Parent3
2025-03-22T02:33:53.105Z     开始检查Parent3的实例初始函数@instance_init
2025-03-22T02:33:53.106Z       该类初始方法没有this变量
2025-03-22T02:33:53.106Z       添加local变量
2025-03-22T02:33:53.107Z       Parent3没有父类我们构造一个对java.lang.Object的调用
2025-03-22T02:33:53.112Z   开始检查类Child3
2025-03-22T02:33:53.113Z     开始检查Child3的实例初始函数@instance_init
2025-03-22T02:33:53.113Z       该类初始方法没有this变量
2025-03-22T02:33:53.114Z       添加local变量
2025-03-22T02:33:53.115Z   开始检查文件funcInterfaceFile
2025-03-22T03:06:32.061Z 开始对项目进行类型检查
2025-03-22T03:06:32.064Z ------------------------------
2025-03-22T03:06:32.065Z   开始检查文件ArkBody.ts
2025-03-22T03:06:32.066Z   开始检查类_DEFAULT_ARK_CLASS
2025-03-22T03:06:32.066Z     开始检查_DEFAULT_ARK_CLASS的实例初始函数@instance_init
2025-03-22T03:06:32.067Z     _DEFAULT_ARK_CLASS没有实例初始函数
2025-03-22T03:06:32.068Z     _DEFAULT_ARK_CLASS没有静态初始函数
2025-03-22T03:06:32.072Z   开始检查类ArkBody
2025-03-22T03:06:32.073Z     开始检查ArkBody的实例初始函数@instance_init
2025-03-22T03:06:32.074Z       该类初始方法没有this变量
2025-03-22T03:06:32.075Z       添加local变量
2025-03-22T03:06:32.076Z       ArkBody没有父类我们构造一个对java.lang.Object的调用
2025-03-22T03:06:32.087Z   开始检查文件super.ts
2025-03-22T03:06:32.088Z   开始检查类_DEFAULT_ARK_CLASS
2025-03-22T03:06:32.089Z     开始检查_DEFAULT_ARK_CLASS的实例初始函数@instance_init
2025-03-22T03:06:32.090Z     _DEFAULT_ARK_CLASS没有实例初始函数
2025-03-22T03:06:32.091Z     _DEFAULT_ARK_CLASS没有静态初始函数
2025-03-22T03:06:32.092Z   开始检查类Parent1
2025-03-22T03:06:32.093Z     开始检查Parent1的实例初始函数@instance_init
2025-03-22T03:06:32.093Z       该类初始方法没有this变量
2025-03-22T03:06:32.094Z       添加local变量
2025-03-22T03:06:32.095Z       Parent1没有父类我们构造一个对java.lang.Object的调用
2025-03-22T03:06:32.096Z   开始检查类Child1
2025-03-22T03:06:32.097Z     开始检查Child1的实例初始函数@instance_init
2025-03-22T03:06:32.098Z       该类初始方法没有this变量
2025-03-22T03:06:32.099Z       添加local变量
2025-03-22T03:06:32.100Z   开始检查类Parent2
2025-03-22T03:06:32.101Z     开始检查Parent2的实例初始函数@instance_init
2025-03-22T03:06:32.102Z       该类初始方法没有this变量
2025-03-22T03:06:32.103Z       添加local变量
2025-03-22T03:06:32.103Z       Parent2没有父类我们构造一个对java.lang.Object的调用
2025-03-22T03:06:32.105Z   开始检查类Child2
2025-03-22T03:06:32.106Z     开始检查Child2的实例初始函数@instance_init
2025-03-22T03:06:32.107Z       该类初始方法没有this变量
2025-03-22T03:06:32.108Z       添加local变量
2025-03-22T03:06:32.109Z   开始检查类Parent3
2025-03-22T03:06:32.110Z     开始检查Parent3的实例初始函数@instance_init
2025-03-22T03:06:32.110Z       该类初始方法没有this变量
2025-03-22T03:06:32.111Z       添加local变量
2025-03-22T03:06:32.112Z       Parent3没有父类我们构造一个对java.lang.Object的调用
2025-03-22T03:06:32.114Z   开始检查类Child3
2025-03-22T03:06:32.115Z     开始检查Child3的实例初始函数@instance_init
2025-03-22T03:06:32.116Z       该类初始方法没有this变量
2025-03-22T03:06:32.116Z       添加local变量
2025-03-22T03:06:32.118Z   开始检查文件funcInterfaceFile
2025-03-22T03:06:32.119Z   开始检查类unknownTounknownFunction
2025-03-22T03:06:32.119Z     开始检查unknownTounknownFunction的实例初始函数@instance_init
2025-03-22T03:06:32.120Z     unknownTounknownFunction没有实例初始函数
2025-03-22T03:06:32.121Z     unknownTounknownFunction没有静态初始函数
2025-03-22T03:06:32.122Z   开始检查类@superClass/ArkBody.ts: ArkBody.AnonymousMethod-constructor-0$
2025-03-22T03:06:32.123Z     开始检查@superClass/ArkBody.ts: ArkBody.AnonymousMethod-constructor-0$的实例初始函数@instance_init
2025-03-22T03:06:32.124Z     @superClass/ArkBody.ts: ArkBody.AnonymousMethod-constructor-0$没有实例初始函数
2025-03-22T03:06:32.124Z     @superClass/ArkBody.ts: ArkBody.AnonymousMethod-constructor-0$没有静态初始函数
2025-03-22T03:06:32.126Z   开始检查类@superClass/ArkBody.ts: ArkBody.AnonymousMethod-setLocals-1$
2025-03-22T03:06:32.126Z     开始检查@superClass/ArkBody.ts: ArkBody.AnonymousMethod-setLocals-1$的实例初始函数@instance_init
2025-03-22T03:06:32.127Z     @superClass/ArkBody.ts: ArkBody.AnonymousMethod-setLocals-1$没有实例初始函数
2025-03-22T03:06:32.128Z     @superClass/ArkBody.ts: ArkBody.AnonymousMethod-setLocals-1$没有静态初始函数
